23:01:03 [Test worker] INFO  manager.ApplicationManager - Tests starts on Chrome Driver
23:01:06 [Test worker] INFO  manager.ApplicationManager - Navigate to link ---> https://ilcarro.xyz/search
23:01:06 [Test worker] INFO  tests.TestBase - Start test --->loginSuccess
23:01:06 [Test worker] INFO  manager.MyListener - Start search element --->By.xpath: //a[text()=' Log in ']
23:01:06 [Test worker] INFO  manager.MyListener - The element --->By.xpath: //a[text()=' Log in '] was found
23:01:06 [Test worker] INFO  tests.TestBase - With user ---->models.User@111da55b
23:01:06 [Test worker] INFO  manager.MyListener - Start search element --->By.xpath: //a[text()=' Log in ']
23:01:06 [Test worker] INFO  manager.MyListener - The element --->By.xpath: //a[text()=' Log in '] was found
23:01:06 [Test worker] INFO  manager.MyListener - Start search element --->By.id: email
23:01:06 [Test worker] INFO  manager.MyListener - The element --->By.id: email was found
23:01:06 [Test worker] INFO  manager.MyListener - Start search element --->By.id: password
23:01:06 [Test worker] INFO  manager.MyListener - The element --->By.id: password was found
23:01:06 [Test worker] INFO  manager.MyListener - Start search element --->By.cssSelector: [type='submit']
23:01:06 [Test worker] INFO  manager.MyListener - The element --->By.cssSelector: [type='submit'] was found
23:01:06 [Test worker] INFO  manager.MyListener - Start search element --->By.cssSelector: .dialog-container
23:01:07 [Test worker] INFO  manager.MyListener - The element --->By.cssSelector: .dialog-container was found
23:01:07 [Test worker] INFO  manager.MyListener - Start search element --->By.cssSelector: .dialog-container h2
23:01:07 [Test worker] INFO  manager.MyListener - The element --->By.cssSelector: .dialog-container h2 was found
23:01:07 [Test worker] INFO  manager.MyListener - Start search element --->By.xpath: //button[text()='Ok']
23:01:07 [Test worker] INFO  manager.MyListener - The element --->By.xpath: //button[text()='Ok'] was found
23:01:07 [Test worker] INFO  manager.MyListener - Start search element --->By.xpath: //button[text()='Ok']
23:01:07 [Test worker] INFO  manager.MyListener - The element --->By.xpath: //button[text()='Ok'] was found
23:01:07 [Test worker] INFO  tests.TestBase - The end of test---->loginSuccess
23:01:07 [Test worker] INFO  tests.TestBase - Start test --->loginSuccess
23:01:07 [Test worker] INFO  manager.MyListener - Start search element --->By.xpath: //a[text()=' Log in ']
23:01:15 [Test worker] INFO  manager.MyListener - The element --->By.xpath: //a[text()=' Log in '] was found
23:01:15 [Test worker] INFO  manager.MyListener - Start search element --->By.xpath: //a[text()=' Logout ']
23:01:15 [Test worker] INFO  manager.MyListener - The element --->By.xpath: //a[text()=' Logout '] was found
23:01:15 [Test worker] INFO  tests.TestBase - With user ---->models.User@5c6b8f70
23:01:15 [Test worker] INFO  manager.MyListener - Start search element --->By.xpath: //a[text()=' Log in ']
23:01:15 [Test worker] INFO  manager.MyListener - The element --->By.xpath: //a[text()=' Log in '] was found
23:01:15 [Test worker] INFO  manager.MyListener - Start search element --->By.id: email
23:01:15 [Test worker] INFO  manager.MyListener - The element --->By.id: email was found
23:01:15 [Test worker] INFO  manager.MyListener - Start search element --->By.id: password
23:01:15 [Test worker] INFO  manager.MyListener - The element --->By.id: password was found
23:01:15 [Test worker] INFO  manager.MyListener - Start search element --->By.cssSelector: [type='submit']
23:01:15 [Test worker] INFO  manager.MyListener - The element --->By.cssSelector: [type='submit'] was found
23:01:15 [Test worker] INFO  manager.MyListener - Start search element --->By.cssSelector: .dialog-container
23:01:16 [Test worker] INFO  manager.MyListener - The element --->By.cssSelector: .dialog-container was found
23:01:16 [Test worker] INFO  manager.MyListener - Start search element --->By.cssSelector: .dialog-container h2
23:01:16 [Test worker] INFO  manager.MyListener - The element --->By.cssSelector: .dialog-container h2 was found
23:01:16 [Test worker] INFO  manager.MyListener - Start search element --->By.xpath: //button[text()='Ok']
23:01:16 [Test worker] INFO  manager.MyListener - The element --->By.xpath: //button[text()='Ok'] was found
23:01:16 [Test worker] INFO  manager.MyListener - Start search element --->By.xpath: //button[text()='Ok']
23:01:16 [Test worker] INFO  manager.MyListener - The element --->By.xpath: //button[text()='Ok'] was found
23:01:16 [Test worker] INFO  tests.TestBase - The end of test---->loginSuccess
23:01:38 [Test worker] INFO  manager.ApplicationManager - Tests starts on Chrome Driver
23:01:40 [Test worker] INFO  manager.ApplicationManager - Navigate to link ---> https://ilcarro.xyz/search
23:01:40 [Test worker] INFO  tests.TestBase - Start test --->loginSuccess2WithSTR
23:01:40 [Test worker] INFO  manager.MyListener - Start search element --->By.xpath: //a[text()=' Log in ']
23:01:40 [Test worker] INFO  manager.MyListener - The element --->By.xpath: //a[text()=' Log in '] was found
23:01:40 [Test worker] INFO  manager.MyListener - Start search element --->By.xpath: //a[text()=' Log in ']
23:01:40 [Test worker] INFO  manager.MyListener - The element --->By.xpath: //a[text()=' Log in '] was found
23:01:40 [Test worker] INFO  manager.MyListener - Start search element --->By.id: email
23:01:40 [Test worker] INFO  manager.MyListener - The element --->By.id: email was found
23:01:41 [Test worker] INFO  manager.MyListener - Start search element --->By.id: password
23:01:41 [Test worker] INFO  manager.MyListener - The element --->By.id: password was found
23:01:41 [Test worker] INFO  manager.MyListener - Start search element --->By.cssSelector: [type='submit']
23:01:41 [Test worker] INFO  manager.MyListener - The element --->By.cssSelector: [type='submit'] was found
23:01:41 [Test worker] INFO  manager.MyListener - Start search element --->By.cssSelector: .dialog-container
23:01:42 [Test worker] INFO  manager.MyListener - The element --->By.cssSelector: .dialog-container was found
23:01:42 [Test worker] INFO  manager.MyListener - Start search element --->By.cssSelector: .dialog-container h2
23:01:42 [Test worker] INFO  manager.MyListener - The element --->By.cssSelector: .dialog-container h2 was found
23:01:42 [Test worker] INFO  manager.MyListener - Start search element --->By.xpath: //button[text()='Ok']
23:01:42 [Test worker] INFO  manager.MyListener - The element --->By.xpath: //button[text()='Ok'] was found
23:01:42 [Test worker] INFO  manager.MyListener - Start search element --->By.xpath: //button[text()='Ok']
23:01:42 [Test worker] INFO  manager.MyListener - The element --->By.xpath: //button[text()='Ok'] was found
23:01:42 [Test worker] INFO  tests.TestBase - The end of test---->loginSuccess2WithSTR
23:01:42 [Test worker] INFO  tests.TestBase - Start test --->loginSuccess2WithSTR
23:01:42 [Test worker] INFO  manager.MyListener - Start search element --->By.xpath: //a[text()=' Log in ']
23:01:50 [Test worker] INFO  manager.MyListener - The element --->By.xpath: //a[text()=' Log in '] was found
23:01:50 [Test worker] INFO  manager.MyListener - Start search element --->By.xpath: //a[text()=' Logout ']
23:01:50 [Test worker] INFO  manager.MyListener - The element --->By.xpath: //a[text()=' Logout '] was found
23:01:50 [Test worker] INFO  manager.MyListener - Start search element --->By.xpath: //a[text()=' Log in ']
23:01:50 [Test worker] INFO  manager.MyListener - The element --->By.xpath: //a[text()=' Log in '] was found
23:01:50 [Test worker] INFO  manager.MyListener - Start search element --->By.id: email
23:01:50 [Test worker] INFO  manager.MyListener - The element --->By.id: email was found
23:01:50 [Test worker] INFO  manager.MyListener - Start search element --->By.id: password
23:01:50 [Test worker] INFO  manager.MyListener - The element --->By.id: password was found
23:01:50 [Test worker] INFO  manager.MyListener - Start search element --->By.cssSelector: [type='submit']
23:01:50 [Test worker] INFO  manager.MyListener - The element --->By.cssSelector: [type='submit'] was found
23:01:50 [Test worker] INFO  manager.MyListener - Start search element --->By.cssSelector: .dialog-container
23:01:51 [Test worker] INFO  manager.MyListener - The element --->By.cssSelector: .dialog-container was found
23:01:51 [Test worker] INFO  manager.MyListener - Start search element --->By.cssSelector: .dialog-container h2
23:01:51 [Test worker] INFO  manager.MyListener - The element --->By.cssSelector: .dialog-container h2 was found
23:01:51 [Test worker] INFO  manager.MyListener - Start search element --->By.xpath: //button[text()='Ok']
23:01:51 [Test worker] INFO  manager.MyListener - The element --->By.xpath: //button[text()='Ok'] was found
23:01:51 [Test worker] INFO  manager.MyListener - Start search element --->By.xpath: //button[text()='Ok']
23:01:51 [Test worker] INFO  manager.MyListener - The element --->By.xpath: //button[text()='Ok'] was found
23:01:51 [Test worker] INFO  tests.TestBase - The end of test---->loginSuccess2WithSTR
23:01:51 [Test worker] INFO  tests.TestBase - Start test --->loginSuccess2WithSTR
23:01:51 [Test worker] INFO  manager.MyListener - Start search element --->By.xpath: //a[text()=' Log in ']
23:01:59 [Test worker] INFO  manager.MyListener - The element --->By.xpath: //a[text()=' Log in '] was found
23:01:59 [Test worker] INFO  manager.MyListener - Start search element --->By.xpath: //a[text()=' Logout ']
23:01:59 [Test worker] INFO  manager.MyListener - The element --->By.xpath: //a[text()=' Logout '] was found
23:01:59 [Test worker] INFO  manager.MyListener - Start search element --->By.xpath: //a[text()=' Log in ']
23:01:59 [Test worker] INFO  manager.MyListener - The element --->By.xpath: //a[text()=' Log in '] was found
23:01:59 [Test worker] INFO  manager.MyListener - Start search element --->By.id: email
23:01:59 [Test worker] INFO  manager.MyListener - The element --->By.id: email was found
23:02:00 [Test worker] INFO  manager.MyListener - Start search element --->By.id: password
23:02:00 [Test worker] INFO  manager.MyListener - The element --->By.id: password was found
23:02:00 [Test worker] INFO  manager.MyListener - Start search element --->By.cssSelector: [type='submit']
23:02:00 [Test worker] INFO  manager.MyListener - The element --->By.cssSelector: [type='submit'] was found
23:02:00 [Test worker] INFO  manager.MyListener - Start search element --->By.cssSelector: .dialog-container
23:02:00 [Test worker] INFO  manager.MyListener - The element --->By.cssSelector: .dialog-container was found
23:02:00 [Test worker] INFO  manager.MyListener - Start search element --->By.cssSelector: .dialog-container h2
23:02:00 [Test worker] INFO  manager.MyListener - The element --->By.cssSelector: .dialog-container h2 was found
23:02:00 [Test worker] INFO  manager.MyListener - Start search element --->By.xpath: //button[text()='Ok']
23:02:00 [Test worker] INFO  manager.MyListener - The element --->By.xpath: //button[text()='Ok'] was found
23:02:00 [Test worker] INFO  manager.MyListener - Start search element --->By.xpath: //button[text()='Ok']
23:02:00 [Test worker] INFO  manager.MyListener - The element --->By.xpath: //button[text()='Ok'] was found
23:02:00 [Test worker] INFO  tests.TestBase - The end of test---->loginSuccess2WithSTR
